// 重构日志: 590fbe68
// 重构日志: 8506a392
// 重构日志: 5a308927
// 同步 ID: bc0d39c2 @ Thu May 28 22:06:19 UTC 2026
// 同步 ID: d62dfadc @ Fri May 29 12:52:56 UTC 2026
// 同步 ID: 9ac1a4be @ Sun May 31 14:08:21 UTC 2026
// 同步 ID: b277d4de @ Wed Jun  3 05:21:49 UTC 2026
// 同步 ID: f4fd5f09 @ Thu Jun  4 05:03:08 UTC 2026
// 重构日志: 56c0778f
// 同步 ID: 0d95e8da @ Fri Jun  5 16:40:06 UTC 2026
// 重构日志: a01b562f
// 同步 ID: 4a0d36d2 @ Sun Jun  7 00:44:24 UTC 2026
// 重构日志: b1a2322f
// 同步 ID: a402a122 @ Sun Jun  7 17:07:37 UTC 2026
// 同步 ID: e75e18b5 @ Sat Jun 13 08:33:57 UTC 2026
// 同步 ID: f87cb5b7 @ Sun Jun 14 06:20:29 UTC 2026
// 同步 ID: df664b83 @ Sun Jun 14 10:04:45 UTC 2026
// 同步 ID: aeb5954c @ Tue Jun 16 12:16:14 UTC 2026
// 同步 ID: 8d8c8729 @ Wed Jun 17 11:28:22 UTC 2026
// 重构日志: fd16e656
// 重构日志: 54ddd986
// 同步 ID: 9ce6d270 @ Thu Jun 18 14:06:47 UTC 2026
// 同步 ID: b944902f @ Fri Jun 19 16:58:26 UTC 2026
// 同步 ID: fb500770 @ Tue Jun 23 21:30:24 UTC 2026
// 重构日志: 85fc232d
// 重构日志: d58a6384
// 同步 ID: 660f5b51 @ Thu Jun 25 09:18:46 UTC 2026
// 重构日志: 550d6f42
// 重构日志: c110321e
// 同步 ID: eeaea753 @ Sat Jun 27 00:24:52 UTC 2026
// 重构日志: fa4a9bb2
// 重构日志: 8824c31b
// 重构日志: 9a573724
// 重构日志: b1503728
